<?xml version="1.0" encoding="UTF-8"?>
<!-- Generated by org.testng.reporters.JUnitReportReporter -->
<testsuite hostname="DESKTOP-DMK5NVR" failures="0" tests="1" name="TestNGExecutionbatch.Sample" time="26.279" errors="0" timestamp="2025-08-02T15:17:50 IST" skipped="0">
  <testcase classname="TestNGExecutionbatch.Sample" name="instagram" time="26.279"/>
</testsuite> <!-- TestNGExecutionbatch.Sample -->
