<?xml version="1.0" encoding="UTF-8"?>
<!-- Generated by org.testng.reporters.JUnitReportReporter -->
<testsuite hostname="DESKTOP-DMK5NVR" failures="0" tests="1" name="TestNGExecutionbatch.Sample1" time="95.191" errors="0" timestamp="2025-06-24T20:47:57 IST" skipped="0">
  <testcase classname="TestNGExecutionbatch.Sample1" name="amazon" time="95.191"/>
</testsuite> <!-- TestNGExecutionbatch.Sample1 -->
