<?xml version="1.0" encoding="UTF-8"?>
<!-- Generated by org.testng.reporters.JUnitReportReporter -->
<testsuite hostname="DESKTOP-DMK5NVR" failures="0" tests="1" name="TestNGExecutionbatch.Sample2" time="57.429" errors="0" timestamp="2025-06-24T20:47:57 IST" skipped="0">
  <testcase classname="TestNGExecutionbatch.Sample2" name="flipkart" time="57.429"/>
</testsuite> <!-- TestNGExecutionbatch.Sample2 -->
